<?xml version="1.0" encoding="utf-8"?><testsuites name="pytest tests"><testsuite name="pytest" errors="0" failures="0" skipped="0" tests="9" time="5.592" timestamp="2026-04-23T06:06:13.870960+00:00" hostname="agent-env-0e83586a-a8d3-44d7-b5ec-eb92ef9da194"><testcase classname="backend.tests.test_iter6_fixes.TestPublicProjects" name="test_projects_list_no_deprecated_fields" time="0.272" /><testcase classname="backend.tests.test_iter6_fixes.TestPublicProjects" name="test_projects_media_fields_shape" time="0.231" /><testcase classname="backend.tests.test_iter6_fixes.TestAdminProjectsMigration" name="test_admin_projects_no_deprecated_fields" time="0.693" /><testcase classname="backend.tests.test_iter6_fixes.TestPublicGallery" name="test_gallery_has_resource_type_and_instagram" time="0.242" /><testcase classname="backend.tests.test_iter6_fixes.TestAdminGalleryEdit" name="test_update_caption_and_instagram" time="1.067" /><testcase classname="backend.tests.test_iter6_fixes.TestAdminGalleryEdit" name="test_clear_instagram_url" time="0.963" /><testcase classname="backend.tests.test_iter6_fixes.TestAdminGalleryEdit" name="test_update_unknown_id_returns_404" time="0.256" /><testcase classname="backend.tests.test_iter6_fixes.TestAdminGalleryEdit" name="test_update_category_and_resource_type" time="1.316" /><testcase classname="backend.tests.test_iter6_fixes.TestAdminLoginRegression" name="test_admin_login_works" time="0.468" /></testsuite></testsuites>