<?xml version="1.0" encoding="utf-8"?><testsuites name="pytest tests"><testsuite name="pytest" errors="0" failures="0" skipped="0" tests="4" time="3.103" timestamp="2026-04-22T07:40:57.266881+00:00" hostname="agent-env-0e83586a-a8d3-44d7-b5ec-eb92ef9da194"><testcase classname="backend.tests.test_rte_backend" name="test_public_home_ok" time="1.542" /><testcase classname="backend.tests.test_rte_backend" name="test_public_about_has_rich_text_fields" time="0.171" /><testcase classname="backend.tests.test_rte_backend" name="test_home_intro_html_roundtrip" time="1.142" /><testcase classname="backend.tests.test_rte_backend" name="test_restore_home" time="0.201" /></testsuite></testsuites>