<?xml version="1.0" encoding="utf-8"?><testsuites name="pytest tests"><testsuite name="pytest" errors="0" failures="0" skipped="0" tests="28" time="6.391" timestamp="2026-03-28T07:39:05.675815+00:00" hostname="agent-env-0e83586a-a8d3-44d7-b5ec-eb92ef9da194"><testcase classname="backend.tests.test_portfolio_api.TestPublicEndpoints" name="test_health_check" time="0.117" /><testcase classname="backend.tests.test_portfolio_api.TestPublicEndpoints" name="test_get_home_content_empty" time="0.081" /><testcase classname="backend.tests.test_portfolio_api.TestPublicEndpoints" name="test_get_about_content_empty" time="0.083" /><testcase classname="backend.tests.test_portfolio_api.TestPublicEndpoints" name="test_get_projects_empty" time="0.076" /><testcase classname="backend.tests.test_portfolio_api.TestPublicEndpoints" name="test_get_gallery_empty" time="0.076" /><testcase classname="backend.tests.test_portfolio_api.TestPublicEndpoints" name="test_get_contact_info" time="0.092" /><testcase classname="backend.tests.test_portfolio_api.TestPublicEndpoints" name="test_get_events" time="0.088" /><testcase classname="backend.tests.test_portfolio_api.TestAdminAuthentication" name="test_admin_login_success" time="0.300" /><testcase classname="backend.tests.test_portfolio_api.TestAdminAuthentication" name="test_admin_login_invalid_username" time="0.078" /><testcase classname="backend.tests.test_portfolio_api.TestAdminAuthentication" name="test_admin_login_invalid_password" time="0.304" /><testcase classname="backend.tests.test_portfolio_api.TestHomeContentCRUD" name="test_get_admin_home" time="0.366" /><testcase classname="backend.tests.test_portfolio_api.TestHomeContentCRUD" name="test_update_home_content" time="0.180" /><testcase classname="backend.tests.test_portfolio_api.TestAboutContentCRUD" name="test_get_admin_about" time="0.369" /><testcase classname="backend.tests.test_portfolio_api.TestAboutContentCRUD" name="test_update_about_content" time="0.153" /><testcase classname="backend.tests.test_portfolio_api.TestProjectsCRUD" name="test_create_project" time="0.410" /><testcase classname="backend.tests.test_portfolio_api.TestProjectsCRUD" name="test_create_and_verify_project" time="0.232" /><testcase classname="backend.tests.test_portfolio_api.TestProjectsCRUD" name="test_update_project" time="0.318" /><testcase classname="backend.tests.test_portfolio_api.TestProjectsCRUD" name="test_delete_project" time="0.219" /><testcase classname="backend.tests.test_portfolio_api.TestGalleryCRUD" name="test_create_gallery_image" time="0.545" /><testcase classname="backend.tests.test_portfolio_api.TestGalleryCRUD" name="test_delete_gallery_image" time="0.261" /><testcase classname="backend.tests.test_portfolio_api.TestEventsCRUD" name="test_create_event" time="0.494" /><testcase classname="backend.tests.test_portfolio_api.TestEventsCRUD" name="test_create_and_verify_event" time="0.319" /><testcase classname="backend.tests.test_portfolio_api.TestEventsCRUD" name="test_update_event" time="0.240" /><testcase classname="backend.tests.test_portfolio_api.TestEventsCRUD" name="test_delete_event" time="0.171" /><testcase classname="backend.tests.test_portfolio_api.TestContactInfo" name="test_update_contact_info" time="0.455" /><testcase classname="backend.tests.test_portfolio_api.TestUnauthorizedAccess" name="test_admin_home_without_auth" time="0.079" /><testcase classname="backend.tests.test_portfolio_api.TestUnauthorizedAccess" name="test_admin_projects_without_auth" time="0.072" /><testcase classname="backend.tests.test_portfolio_api.TestUnauthorizedAccess" name="test_create_project_without_auth" time="0.153" /></testsuite></testsuites>